<?xml version="1.0" encoding="UTF-8"?>
<!-- Generated by org.testng.reporters.JUnitReportReporter -->
<testsuite hostname="Diginode6-PC" name="smoketest.Guestorder" tests="1" failures="0" timestamp="8 Jul 2019 21:14:33 GMT" time="44.452" errors="0">
  <testcase name="test_Guestorder" time="44.452" classname="smoketest.Guestorder"/>
</testsuite> <!-- smoketest.Guestorder -->
